2024-03-28 05:25:51,845 INFO  [Log] ****************           -S-T-A-R-T-Login Testcase       **************** 
2024-03-28 05:25:52,443 INFO  [Log] Successfully entered username 
2024-03-28 05:55:02,136 INFO  [Log] ****************           -S-T-A-R-T-Login Testcase       **************** 
2024-03-28 05:55:02,500 INFO  [Log] Successfully entered username firstlast12345@es.com 
2024-03-28 05:55:06,474 INFO  [Log] ***************             -E---N---D-End Testcase         *************** 
2024-03-28 11:43:34,146 INFO  [Log] ****************           -S-T-A-R-T-Login TC2       **************** 
2024-03-28 11:43:34,431 INFO  [Log] Successfully entered username firstlast12345@es.com 
2024-03-28 11:43:34,568 INFO  [Log] Successfully entered password Newuser@12345 
2024-03-28 11:43:38,290 INFO  [Log] ***************             -E---N---D-End Testcase         *************** 
2024-03-28 11:45:56,360 INFO  [Log] ****************           -S-T-A-R-T-Login TC2       **************** 
2024-03-28 11:45:56,612 INFO  [Log] Successfully entered username firstlast12345@es.com 
2024-03-28 11:45:56,761 INFO  [Log] Successfully entered password Newuser@12345 
2024-03-28 11:46:03,255 INFO  [Log] ***************             -E---N---D-End Testcase         *************** 
2024-03-28 12:06:15,168 INFO  [Log] ****************           -S-T-A-R-T-Login TC3       **************** 
2024-03-28 12:08:38,895 INFO  [Log] ****************           -S-T-A-R-T-Login TC3       **************** 
2024-03-28 12:12:20,754 INFO  [Log] ****************           -S-T-A-R-T-Login TC3       **************** 
2024-03-28 12:12:30,309 INFO  [Log] ***************             -E---N---D-LoginToSalesForce_TC3 is completed         *************** 
2024-03-28 12:17:18,771 INFO  [Log] ****************           -S-T-A-R-T-Login TC3       **************** 
2024-03-28 12:17:28,914 INFO  [Log] ***************             -E---N---D-LoginToSalesForce_TC3 is completed         *************** 
2024-03-28 12:26:47,007 INFO  [Log] ****************           -S-T-A-R-T-Login TC4A       **************** 
2024-03-28 12:26:48,321 INFO  [Log] ***************             -E---N---D-ForgotPassword_TC4A is completed         *************** 
2024-03-28 12:39:43,679 INFO  [Log] ****************           -S-T-A-R-T-Login TC4B       **************** 
2024-03-28 12:39:45,546 ERROR [Log] Error message is displayed 
2024-03-28 12:39:45,546 INFO  [Log] ***************             -E---N---D-ForgotPassword_4B is completed         *************** 
2024-03-28 14:49:27,602 INFO  [Log] ****************           -S-T-A-R-T-UsermenuDropdown TC5       **************** 
2024-03-28 14:49:35,510 INFO  [Log] ***************             -E---N---D-SelectUsermenuFromDropdown_TC5 is completed         *************** 
2024-03-28 18:45:20,737 INFO  [Log] ****************           -S-T-A-R-T-Login TC3       **************** 
2024-03-28 18:47:00,615 INFO  [Log] ****************           -S-T-A-R-T-Login TC3       **************** 
2024-03-28 18:47:09,159 INFO  [Log] ***************             -E---N---D-LoginToSalesForce_TC3 is completed         *************** 
2024-03-28 18:47:16,212 INFO  [Log] ****************           -S-T-A-R-T-Login TC4B       **************** 
2024-03-28 18:47:18,595 ERROR [Log] Error message is displayed 
2024-03-28 18:47:18,595 INFO  [Log] ***************             -E---N---D-ForgotPassword_4B is completed         *************** 
2024-03-28 18:47:24,521 INFO  [Log] ****************           -S-T-A-R-T-Login TC4A       **************** 
2024-03-28 18:47:25,170 INFO  [Log] ***************             -E---N---D-ForgotPassword_TC4A is completed         *************** 
2024-03-28 18:47:29,841 INFO  [Log] ****************           -S-T-A-R-T-Login TC1       **************** 
2024-03-28 18:47:34,135 ERROR [Log] Error message is displayed 
2024-03-28 18:47:34,135 INFO  [Log] ***************             -E---N---D-LoginErrorMessage_TC1 is completed         *************** 
2024-03-28 18:47:40,474 INFO  [Log] ****************           -S-T-A-R-T-Login TC2       **************** 
2024-03-28 18:47:40,680 INFO  [Log] Successfully entered username firstlast12345@es.com 
2024-03-28 18:47:40,801 INFO  [Log] Successfully entered password Newuser@12345 
2024-03-28 18:47:46,595 INFO  [Log] ***************             -E---N---D-LoginToSalesForce_TC2 is completed         *************** 
2024-03-28 18:48:50,898 INFO  [Log] ****************           -S-T-A-R-T-UsermenuDropdown TC5       **************** 
2024-03-28 18:49:04,382 INFO  [Log] ***************             -E---N---D-SelectUsermenuFromDropdown_TC5 is completed         *************** 
2024-03-28 18:49:44,988 INFO  [Log] ****************           -S-T-A-R-T-UsermenuDropdown TC5       **************** 
2024-03-28 18:49:53,629 INFO  [Log] Successfully entered home page 
2024-03-28 18:49:59,525 INFO  [Log] ***************             -E---N---D-SelectMyProfileoptionfromusermenu_TC6 is completed         *************** 
2024-03-28 21:51:14,917 INFO  [Log] ****************           -S-T-A-R-T-UsermenuDropdown TC5       **************** 
2024-03-28 21:51:22,241 INFO  [Log] Successfully entered home page 
2024-03-28 21:51:29,974 INFO  [Log] Successfully entered into lastname of abouttab 
2024-03-28 21:52:33,193 INFO  [Log] ****************           -S-T-A-R-T-UsermenuDropdown TC5       **************** 
2024-03-28 21:52:41,391 INFO  [Log] Successfully entered home page 
2024-03-28 21:52:45,210 INFO  [Log] Successfully entered into lastname of abouttab 
2024-03-28 21:56:14,221 INFO  [Log] ****************           -S-T-A-R-T-UsermenuDropdown TC5       **************** 
2024-03-28 21:56:22,590 INFO  [Log] Successfully entered home page 
2024-03-28 21:56:30,968 INFO  [Log] Successfully entered into lastname of abouttab 
2024-03-28 21:58:11,892 INFO  [Log] ****************           -S-T-A-R-T-UsermenuDropdown TC5       **************** 
2024-03-28 21:58:20,710 INFO  [Log] Successfully entered home page 
2024-03-28 21:58:28,857 INFO  [Log] Successfully entered into lastname of abouttab 
2024-03-28 22:05:58,438 INFO  [Log] ****************           -S-T-A-R-T-UsermenuDropdown TC5       **************** 
2024-03-28 22:06:06,970 INFO  [Log] Successfully entered home page 
2024-03-28 22:06:15,209 INFO  [Log] Successfully entered into lastname of abouttab 
2024-03-28 22:08:07,597 INFO  [Log] ****************           -S-T-A-R-T-UsermenuDropdown TC5       **************** 
2024-03-28 22:08:14,040 INFO  [Log] Successfully entered home page 
2024-03-28 22:08:21,143 INFO  [Log] Successfully entered into lastname of abouttab 
2024-03-28 22:10:59,297 INFO  [Log] ****************           -S-T-A-R-T-UsermenuDropdown TC5       **************** 
2024-03-28 22:11:02,339 INFO  [Log] Successfully entered home page 
2024-03-28 22:11:12,233 INFO  [Log] Successfully entered into lastname of abouttab 
2024-03-28 22:12:55,720 INFO  [Log] ****************           -S-T-A-R-T-UsermenuDropdown TC5       **************** 
2024-03-28 22:12:59,360 INFO  [Log] Successfully entered home page 
2024-03-28 22:13:08,088 INFO  [Log] Successfully entered into lastname of abouttab 
2024-03-28 22:15:26,109 INFO  [Log] ****************           -S-T-A-R-T-UsermenuDropdown TC5       **************** 
2024-03-28 22:15:30,998 INFO  [Log] Successfully entered home page 
2024-03-28 22:15:41,437 INFO  [Log] Successfully entered into lastname of abouttab 
2024-03-28 22:21:49,139 INFO  [Log] ****************           -S-T-A-R-T-UsermenuDropdown TC5       **************** 
2024-03-28 22:21:56,310 INFO  [Log] Successfully entered home page 
2024-03-28 22:22:06,481 INFO  [Log] Successfully entered into lastname of abouttab 
2024-03-28 22:24:02,618 INFO  [Log] ****************           -S-T-A-R-T-UsermenuDropdown TC5       **************** 
2024-03-28 22:24:07,104 INFO  [Log] Successfully entered home page 
2024-03-28 22:24:22,141 INFO  [Log] Successfully entered into lastname of abouttab 
2024-03-28 22:25:48,351 INFO  [Log] ****************           -S-T-A-R-T-UsermenuDropdown TC5       **************** 
2024-03-28 22:25:55,170 INFO  [Log] Successfully entered home page 
2024-03-28 22:26:01,316 INFO  [Log] Successfully entered into lastname of abouttab 
2024-03-28 22:27:52,143 INFO  [Log] ****************           -S-T-A-R-T-UsermenuDropdown TC5       **************** 
2024-03-28 22:28:00,021 INFO  [Log] Successfully entered home page 
2024-03-28 22:28:06,141 INFO  [Log] Successfully entered into lastname of abouttab 
2024-03-28 22:42:08,262 INFO  [Log] ****************           -S-T-A-R-T-UsermenuDropdown TC5       **************** 
2024-03-28 22:42:12,265 INFO  [Log] Successfully entered home page 
2024-03-28 22:42:17,005 INFO  [Log] ***************             -E---N---D-MySettingFromUsermenuDropdown_TC7 is completed         *************** 
2024-03-28 22:49:06,197 INFO  [Log] ****************           -S-T-A-R-T-UsermenuDropdown TC5       **************** 
2024-03-28 22:49:09,308 INFO  [Log] Successfully entered home page 
2024-03-28 22:49:18,939 INFO  [Log] Successfully entered into lastname of abouttab 
2024-03-28 22:50:04,576 INFO  [Log] ****************           -S-T-A-R-T-UsermenuDropdown TC5       **************** 
2024-03-28 22:50:08,279 INFO  [Log] Successfully entered home page 
2024-03-28 22:50:16,978 INFO  [Log] Successfully entered into lastname of abouttab 
2024-03-28 22:50:18,623 INFO  [Log] ***************             -E---N---D-SelectMyProfileoptionfromusermenuAndEditAboutTab_TC6 is completed         *************** 
2024-03-28 22:50:40,596 INFO  [Log] ****************           -S-T-A-R-T-UsermenuDropdown TC5       **************** 
2024-03-28 22:50:43,884 INFO  [Log] Successfully entered home page 
2024-03-28 22:54:40,152 INFO  [Log] ****************           -S-T-A-R-T-UsermenuDropdown TC5       **************** 
2024-03-28 22:54:49,892 INFO  [Log] Successfully entered home page 
2024-03-28 22:55:46,434 INFO  [Log] ****************           -S-T-A-R-T-UsermenuDropdown TC5       **************** 
2024-03-28 22:55:52,342 INFO  [Log] Successfully entered home page 
2024-03-28 22:56:44,868 INFO  [Log] ****************           -S-T-A-R-T-UsermenuDropdown TC5       **************** 
2024-03-28 22:56:54,064 INFO  [Log] Successfully entered home page 
2024-03-28 22:57:57,926 INFO  [Log] ****************           -S-T-A-R-T-UsermenuDropdown TC5       **************** 
2024-03-28 22:58:04,939 INFO  [Log] Successfully entered home page 
2024-03-28 22:59:22,179 INFO  [Log] ****************           -S-T-A-R-T-UsermenuDropdown TC5       **************** 
2024-03-28 22:59:25,482 INFO  [Log] Successfully entered home page 
2024-03-28 23:00:28,683 INFO  [Log] ****************           -S-T-A-R-T-UsermenuDropdown TC5       **************** 
2024-03-28 23:00:32,202 INFO  [Log] Successfully entered home page 
2024-03-28 23:18:14,325 INFO  [Log] ****************           -S-T-A-R-T-UsermenuDropdown TC6       **************** 
2024-03-28 23:18:18,442 INFO  [Log] Successfully entered home page 
2024-03-28 23:19:49,162 INFO  [Log] ****************           -S-T-A-R-T-UsermenuDropdown TC6       **************** 
2024-03-28 23:19:52,755 INFO  [Log] Successfully entered home page 
2024-03-28 23:20:00,376 INFO  [Log] ***************             -E---N---D-SelectMyProfileoptionfromusermenuAndFilelink_TC6 is completed         *************** 
2024-03-28 23:52:15,663 INFO  [Log] ****************           -S-T-A-R-T-UsermenuDropdown TC6       **************** 
2024-03-28 23:52:23,913 INFO  [Log] Successfully entered home page 
2024-03-28 23:53:36,829 INFO  [Log] ****************           -S-T-A-R-T-UsermenuDropdown TC6       **************** 
2024-03-28 23:53:46,054 INFO  [Log] Successfully entered home page 
2024-03-28 23:59:20,630 INFO  [Log] ****************           -S-T-A-R-T-UsermenuDropdown TC6       **************** 
2024-03-28 23:59:27,792 INFO  [Log] Successfully entered home page 
2024-03-28 23:59:41,943 INFO  [Log] ***************             -E---N---D-SelectMyProfileoptionfromusermenuAndFilelink_TC6 is completed         *************** 
2024-03-29 00:00:55,037 INFO  [Log] ****************           -S-T-A-R-T-UsermenuDropdown TC6       **************** 
2024-03-29 00:00:58,532 INFO  [Log] Successfully entered home page 
2024-03-29 00:03:07,777 INFO  [Log] ****************           -S-T-A-R-T-UsermenuDropdown TC6       **************** 
2024-03-29 00:03:16,318 INFO  [Log] Successfully entered home page 
2024-03-29 00:03:21,970 INFO  [Log] ***************             -E---N---D-SelectMyProfileoptionfromusermenuAndPostlink_TC6 is completed         *************** 
2024-03-29 00:03:47,343 INFO  [Log] ****************           -S-T-A-R-T-UsermenuDropdown TC6       **************** 
2024-03-29 00:03:55,800 INFO  [Log] Successfully entered home page 
2024-03-29 00:04:43,457 INFO  [Log] ****************           -S-T-A-R-T-UsermenuDropdown TC6       **************** 
2024-03-29 00:04:52,577 INFO  [Log] Successfully entered home page 
2024-03-29 00:06:21,237 INFO  [Log] ****************           -S-T-A-R-T-UsermenuDropdown TC6       **************** 
2024-03-29 00:06:30,454 INFO  [Log] Successfully entered home page 
2024-03-29 00:07:26,703 INFO  [Log] ****************           -S-T-A-R-T-UsermenuDropdown TC6       **************** 
2024-03-29 00:07:30,954 INFO  [Log] Successfully entered home page 
2024-03-29 00:08:19,282 INFO  [Log] ****************           -S-T-A-R-T-UsermenuDropdown TC6       **************** 
2024-03-29 00:08:28,987 INFO  [Log] Successfully entered home page 
2024-03-29 00:09:37,501 INFO  [Log] ****************           -S-T-A-R-T-UsermenuDropdown TC6       **************** 
2024-03-29 00:09:47,546 INFO  [Log] Successfully entered home page 
2024-03-29 00:23:47,848 INFO  [Log] ****************           -S-T-A-R-T-UsermenuDropdown TC7       **************** 
2024-03-29 00:23:54,232 INFO  [Log] Successfully entered home page 
2024-03-29 00:24:15,181 INFO  [Log] ****************           -S-T-A-R-T-UsermenuDropdown TC7       **************** 
2024-03-29 00:24:18,865 INFO  [Log] Successfully entered home page 
2024-03-29 00:26:21,947 INFO  [Log] ****************           -S-T-A-R-T-UsermenuDropdown TC7       **************** 
2024-03-29 00:26:25,838 INFO  [Log] Successfully entered home page 
2024-03-29 00:26:31,045 INFO  [Log] ***************             -E---N---D-MySettingFromUsermenuDropdownPersonallinkAndLoginHistorylink_TC7 is completed         *************** 
2024-03-29 00:39:04,892 INFO  [Log] ****************           -S-T-A-R-T-UsermenuDropdown TC7       **************** 
2024-03-29 00:39:08,406 INFO  [Log] Successfully entered home page 
2024-03-29 00:39:14,793 INFO  [Log] ***************             -E---N---D-MySettingFromUsermenuDropdownPersonallinkAndLoginHistorylink_TC7 is completed         *************** 
2024-03-29 01:00:08,109 INFO  [Log] ****************           -S-T-A-R-T-UsermenuDropdown TC7       **************** 
2024-03-29 01:00:11,664 INFO  [Log] Successfully entered home page 
2024-03-29 01:00:33,398 INFO  [Log] ****************           -S-T-A-R-T-UsermenuDropdown TC7       **************** 
2024-03-29 01:00:39,682 INFO  [Log] Successfully entered home page 
2024-03-29 01:01:56,152 INFO  [Log] ****************           -S-T-A-R-T-UsermenuDropdown TC7       **************** 
2024-03-29 01:02:02,885 INFO  [Log] Successfully entered home page 
2024-03-29 01:05:11,263 INFO  [Log] ****************           -S-T-A-R-T-UsermenuDropdown TC7       **************** 
2024-03-29 01:05:17,858 INFO  [Log] Successfully entered home page 
2024-03-29 01:08:31,388 INFO  [Log] ****************           -S-T-A-R-T-UsermenuDropdown TC7       **************** 
2024-03-29 01:08:36,823 INFO  [Log] Successfully entered home page 
2024-03-29 01:10:59,078 INFO  [Log] ****************           -S-T-A-R-T-UsermenuDropdown TC7       **************** 
2024-03-29 01:11:07,524 INFO  [Log] Successfully entered home page 
2024-03-29 01:20:12,680 INFO  [Log] ****************           -S-T-A-R-T-UsermenuDropdown TC7       **************** 
2024-03-29 01:20:19,349 INFO  [Log] Successfully entered home page 
2024-03-29 01:20:23,013 INFO  [Log] ***************             -E---N---D-MySettingFromUsermenuDropdownPersonallinkAndLoginHistorylink_TC7 is completed         *************** 
2024-03-29 01:43:59,752 INFO  [Log] ****************           -S-T-A-R-T-UsermenuDropdown TC7       **************** 
2024-03-29 01:44:06,299 INFO  [Log] Successfully entered home page 
2024-03-29 01:44:10,956 INFO  [Log] ***************             -E---N---D-MySettingFromUsermenuDropdownEmaillink_TC7 is completed         *************** 
2024-03-29 01:54:26,406 INFO  [Log] ****************           -S-T-A-R-T-UsermenuDropdown TC7       **************** 
2024-03-29 01:54:35,622 INFO  [Log] Successfully entered home page 
2024-03-29 01:57:01,269 INFO  [Log] ****************           -S-T-A-R-T-UsermenuDropdown TC7       **************** 
2024-03-29 01:57:05,146 INFO  [Log] Successfully entered home page 
2024-03-29 01:57:11,017 INFO  [Log] ***************             -E---N---D-MySettingFromUsermenuDropdownCalendersAndReminders_TC7 is completed         *************** 
2024-03-29 02:33:06,826 INFO  [Log] ****************           -S-T-A-R-T-UsermenuDropdown Logout_TC9       **************** 
2024-03-29 02:33:19,581 INFO  [Log] Successfully entered home page 
2024-03-29 02:33:20,205 INFO  [Log] ***************             -E---N---D-Logout_TC9 is completed         *************** 
2024-03-29 02:34:56,933 INFO  [Log] ****************           -S-T-A-R-T-UsermenuDropdown Logout_TC9       **************** 
2024-03-29 02:35:04,588 INFO  [Log] Successfully entered home page 
2024-03-29 02:35:06,279 INFO  [Log] ***************             -E---N---D-Logout_TC9 is completed         *************** 
2024-03-29 02:37:08,994 INFO  [Log] ****************           -S-T-A-R-T-UsermenuDropdown Logout_TC9       **************** 
2024-03-29 02:37:16,500 INFO  [Log] Successfully entered home page 
2024-03-29 02:37:18,549 INFO  [Log] ***************             -E---N---D-Logout_TC9 is completed         *************** 
2024-03-29 02:39:43,196 INFO  [Log] ****************           -S-T-A-R-T-UsermenuDropdown Logout_TC9       **************** 
2024-03-29 02:39:51,307 INFO  [Log] Successfully entered home page 
2024-03-29 02:39:51,837 INFO  [Log] ***************             -E---N---D-Logout_TC9 is completed         *************** 
2024-03-29 02:40:29,168 INFO  [Log] ****************           -S-T-A-R-T-UsermenuDropdown Logout_TC9       **************** 
2024-03-29 02:40:36,532 INFO  [Log] Successfully entered home page 
2024-03-29 02:40:37,197 INFO  [Log] ***************             -E---N---D-Logout_TC9 is completed         *************** 
2024-03-29 02:43:26,757 INFO  [Log] ****************           -S-T-A-R-T-UsermenuDropdown Logout_TC9       **************** 
2024-03-29 02:43:31,154 INFO  [Log] Successfully entered home page 
2024-03-29 02:43:37,258 INFO  [Log] ***************             -E---N---D-Logout_TC9 is completed         *************** 
2024-03-29 02:44:14,328 INFO  [Log] ****************           -S-T-A-R-T-UsermenuDropdown Logout_TC9       **************** 
2024-03-29 02:44:18,352 INFO  [Log] Successfully entered home page 
2024-03-29 02:44:21,984 INFO  [Log] ***************             -E---N---D-Logout_TC9 is completed         *************** 
2024-03-29 02:45:31,313 INFO  [Log] ****************           -S-T-A-R-T-UsermenuDropdown Logout_TC9       **************** 
2024-03-29 02:45:38,867 INFO  [Log] Successfully entered home page 
2024-03-29 02:46:23,265 INFO  [Log] ****************           -S-T-A-R-T-UsermenuDropdown Logout_TC9       **************** 
2024-03-29 02:46:29,914 INFO  [Log] Successfully entered home page 
2024-03-29 02:47:14,146 INFO  [Log] ****************           -S-T-A-R-T-UsermenuDropdown Logout_TC9       **************** 
2024-03-29 02:47:23,966 INFO  [Log] Successfully entered home page 
2024-03-29 02:47:29,898 INFO  [Log] ***************             -E---N---D-Logout_TC9 is completed         *************** 
2024-03-29 02:47:58,969 INFO  [Log] ****************           -S-T-A-R-T-UsermenuDropdown Logout_TC9       **************** 
2024-03-29 02:48:06,389 INFO  [Log] Successfully entered home page 
2024-03-29 02:48:13,229 INFO  [Log] ***************             -E---N---D-Logout_TC9 is completed         *************** 
2024-03-29 02:56:42,079 INFO  [Log] ****************           -S-T-A-R-T-UsermenuDropdown Logout_TC8       **************** 
2024-03-29 02:56:45,908 INFO  [Log] Successfully entered home page 
2024-03-29 02:58:03,076 INFO  [Log] ****************           -S-T-A-R-T-UsermenuDropdown Logout_TC8       **************** 
2024-03-29 02:58:06,734 INFO  [Log] Successfully entered home page 
2024-03-29 02:59:23,465 INFO  [Log] ****************           -S-T-A-R-T-UsermenuDropdown Logout_TC8       **************** 
2024-03-29 02:59:26,716 INFO  [Log] Successfully entered home page 
2024-03-29 02:59:29,452 INFO  [Log] ***************             -E---N---D-DevelopersConsoleFromDropdown_TC8 is completed         *************** 
2024-03-29 03:52:27,993 INFO  [Log] ****************           -S-T-A-R-T-UsermenuDropdown TC5       **************** 
2024-03-29 03:52:35,626 INFO  [Log] Successfully entered home page 
2024-03-29 03:54:57,788 INFO  [Log] ****************           -S-T-A-R-T-AccountsTab TC10       **************** 
2024-03-29 03:55:03,249 INFO  [Log] Successfully entered home page 
2024-03-29 03:55:09,422 INFO  [Log] ***************             -E---N---D-CreateAccount_TC10 is completed         *************** 
2024-03-29 04:13:38,827 INFO  [Log] ****************           -S-T-A-R-T-AccountsTab TC11       **************** 
2024-03-29 04:13:46,307 INFO  [Log] Successfully entered home page 
2024-03-29 04:13:51,454 INFO  [Log] ***************             -E---N---D-Createnewview_TC11 is completed         *************** 
2024-03-29 14:31:42,158 INFO  [Log] ****************           -S-T-A-R-T-AccountsTab TC12       **************** 
2024-03-29 14:31:48,401 INFO  [Log] Successfully entered home page 
2024-03-29 14:32:54,301 INFO  [Log] ****************           -S-T-A-R-T-AccountsTab TC12       **************** 
2024-03-29 14:33:01,409 INFO  [Log] Successfully entered home page 
2024-03-29 14:36:09,085 INFO  [Log] ****************           -S-T-A-R-T-AccountsTab TC12       **************** 
2024-03-29 14:36:15,539 INFO  [Log] Successfully entered home page 
2024-03-29 14:40:37,288 INFO  [Log] ****************           -S-T-A-R-T-AccountsTab TC12       **************** 
2024-03-29 14:40:42,806 INFO  [Log] Successfully entered home page 
2024-03-29 14:40:48,751 INFO  [Log] ***************             -E---N---D-Editview_TC12 is completed         *************** 
2024-03-29 14:41:59,958 INFO  [Log] ****************           -S-T-A-R-T-AccountsTab TC12       **************** 
2024-03-29 15:04:03,122 INFO  [Log] ****************           -S-T-A-R-T-AccountsTab TC13       **************** 
2024-03-29 15:04:09,342 INFO  [Log] Successfully entered home page 
2024-03-29 15:06:08,882 INFO  [Log] ****************           -S-T-A-R-T-AccountsTab TC13       **************** 
2024-03-29 15:06:15,828 INFO  [Log] Successfully entered home page 
2024-03-29 15:08:47,310 INFO  [Log] ****************           -S-T-A-R-T-AccountsTab TC13       **************** 
2024-03-29 15:08:54,340 INFO  [Log] Successfully entered home page 
2024-03-29 15:09:00,613 INFO  [Log] ***************             -E---N---D-MergeAccounts_TC13 is completed         *************** 
2024-03-29 15:30:14,293 INFO  [Log] ****************           -S-T-A-R-T-AccountsTab TC14       **************** 
2024-03-29 15:30:17,951 INFO  [Log] Successfully entered home page 
2024-03-29 15:30:28,646 INFO  [Log] ***************             -E---N---D-CreateAccountReport_TC14 is completed         *************** 
2024-03-29 16:11:47,893 INFO  [Log] ****************           -S-T-A-R-T-OpportunityTab TC15       **************** 
2024-03-29 16:11:56,608 INFO  [Log] Successfully entered home page 
2024-03-29 16:11:58,449 INFO  [Log] ***************             -E---N---D-OpportunitiesDropdown_TC15 is completed         *************** 
2024-03-29 16:41:28,940 INFO  [Log] ****************           -S-T-A-R-T-OpportunityTab TC16       **************** 
2024-03-29 16:41:35,189 INFO  [Log] Successfully entered home page 
2024-03-29 16:45:17,384 INFO  [Log] ****************           -S-T-A-R-T-OpportunityTab TC16       **************** 
2024-03-29 16:45:21,043 INFO  [Log] Successfully entered home page 
2024-03-29 16:47:28,808 INFO  [Log] ****************           -S-T-A-R-T-OpportunityTab TC16       **************** 
2024-03-29 16:47:38,571 INFO  [Log] Successfully entered home page 
2024-03-29 16:48:56,651 INFO  [Log] ****************           -S-T-A-R-T-OpportunityTab TC16       **************** 
2024-03-29 16:49:04,182 INFO  [Log] Successfully entered home page 
2024-03-29 16:50:33,312 INFO  [Log] ****************           -S-T-A-R-T-OpportunityTab TC16       **************** 
2024-03-29 16:50:39,044 INFO  [Log] Successfully entered home page 
2024-03-29 16:51:27,807 INFO  [Log] ****************           -S-T-A-R-T-OpportunityTab TC16       **************** 
2024-03-29 16:51:34,520 INFO  [Log] Successfully entered home page 
2024-03-29 16:53:02,950 INFO  [Log] ****************           -S-T-A-R-T-OpportunityTab TC16       **************** 
2024-03-29 16:53:11,045 INFO  [Log] Successfully entered home page 
2024-03-29 16:53:18,516 INFO  [Log] ***************             -E---N---D-CreateNewOpportunity_TC16 is completed         *************** 
2024-03-29 16:58:08,811 INFO  [Log] ****************           -S-T-A-R-T-OpportunityTab TC17       **************** 
2024-03-29 16:58:15,098 INFO  [Log] Successfully entered home page 
2024-03-29 16:58:18,373 INFO  [Log] ***************             -E---N---D-OpportunityPipelineReport_TC17 is completed         *************** 
2024-03-29 17:03:50,754 INFO  [Log] ****************           -S-T-A-R-T-OpportunityTab TC18       **************** 
2024-03-29 17:03:57,272 INFO  [Log] Successfully entered home page 
2024-03-29 17:04:01,395 INFO  [Log] ***************             -E---N---D-StuckOpportunitiesReport_TC18 is completed         *************** 
2024-03-29 17:30:41,681 INFO  [Log] ****************           -S-T-A-R-T-OpportunityTab TC19       **************** 
2024-03-29 17:30:48,056 INFO  [Log] Successfully entered home page 
2024-03-29 17:30:51,796 INFO  [Log] ***************             -E---N---D-QuarterlySummaryReport_TC19 is completed         *************** 
2024-03-29 17:39:57,901 INFO  [Log] ****************           -S-T-A-R-T-LeadsTab TC20       **************** 
2024-03-29 17:40:06,745 INFO  [Log] Successfully entered home page 
2024-03-29 17:40:07,930 INFO  [Log] ***************             -E---N---D-LeadsTab_TC20 is completed         *************** 
2024-03-29 17:58:21,526 INFO  [Log] ****************           -S-T-A-R-T-LeadsTab TC21       **************** 
2024-03-29 17:58:26,087 INFO  [Log] Successfully entered home page 
2024-03-29 17:58:31,329 INFO  [Log] ***************             -E---N---D-LeadsSelectView_TC21 is completed         *************** 
2024-03-29 18:29:11,122 INFO  [Log] ****************           -S-T-A-R-T-LeadsTab TC22       **************** 
2024-03-29 18:29:22,355 INFO  [Log] Successfully entered home page 
2024-03-29 18:29:29,990 INFO  [Log] Successfully entered home page 
2024-03-29 18:34:26,941 INFO  [Log] ****************           -S-T-A-R-T-LeadsTab TC22       **************** 
2024-03-29 18:34:33,182 INFO  [Log] Successfully entered home page 
2024-03-29 18:34:47,472 INFO  [Log] Successfully entered home page 
2024-03-29 18:36:25,791 INFO  [Log] ****************           -S-T-A-R-T-LeadsTab TC22       **************** 
2024-03-29 18:36:29,933 INFO  [Log] Successfully entered home page 
2024-03-29 18:36:41,743 INFO  [Log] Successfully entered home page 
2024-03-29 18:37:30,363 INFO  [Log] ****************           -S-T-A-R-T-LeadsTab TC22       **************** 
2024-03-29 18:37:37,259 INFO  [Log] Successfully entered home page 
2024-03-29 18:37:47,231 INFO  [Log] Successfully entered home page 
2024-03-29 18:37:51,063 INFO  [Log] ***************             -E---N---D-DefaultView_TC22 is completed         *************** 
2024-03-29 18:40:34,633 INFO  [Log] ****************           -S-T-A-R-T-LeadsTab TC23       **************** 
2024-03-29 18:40:41,456 INFO  [Log] Successfully entered home page 
2024-03-29 18:40:45,751 INFO  [Log] ***************             -E---N---D-TodaysLeadTab_TC23 is completed         *************** 
2024-03-29 19:02:04,741 INFO  [Log] ****************           -S-T-A-R-T-LeadsTab TC24       **************** 
2024-03-29 19:02:15,322 INFO  [Log] Successfully entered home page 
2024-03-29 19:02:27,397 INFO  [Log] ***************             -E---N---D-NewbuttonLeadsHome_TC24 is completed         *************** 
2024-03-29 20:09:41,956 INFO  [Log] ****************           -S-T-A-R-T-Contacts TC25       **************** 
2024-03-29 20:09:50,886 INFO  [Log] Successfully entered home page 
2024-03-29 20:10:04,576 INFO  [Log] ***************             -E---N---D-Createnewcontact_TC25 is completed         *************** 
2024-03-29 21:28:30,021 INFO  [Log] ****************           -S-T-A-R-T-Contacts TC26       **************** 
2024-03-29 21:28:34,176 INFO  [Log] Successfully entered home page 
2024-03-29 21:32:42,756 INFO  [Log] ****************           -S-T-A-R-T-Contacts TC26       **************** 
2024-03-29 21:32:46,860 INFO  [Log] Successfully entered home page 
2024-03-29 21:32:58,578 INFO  [Log] ***************             -E---N---D-CreatenewviewintheContactPage_TC26 is completed         *************** 
2024-03-29 21:41:51,580 INFO  [Log] ****************           -S-T-A-R-T-Contacts TC27       **************** 
2024-03-29 21:42:02,113 INFO  [Log] Successfully entered home page 
2024-03-29 21:42:05,055 INFO  [Log] ***************             -E---N---D-RecentlycreatedcontactintheContactPage_TC27 is completed         *************** 
2024-03-29 21:51:26,883 INFO  [Log] ****************           -S-T-A-R-T-Contacts TC28       **************** 
2024-03-29 21:51:30,946 INFO  [Log] Successfully entered home page 
2024-03-29 21:51:37,421 INFO  [Log] ***************             -E---N---D-MyContactView_TC28 is completed         *************** 
2024-03-29 21:56:25,918 INFO  [Log] ****************           -S-T-A-R-T-Contacts TC28       **************** 
2024-03-29 21:56:35,323 INFO  [Log] Successfully entered home page 
2024-03-29 21:56:49,852 INFO  [Log] ***************             -E---N---D-MyContactView_TC28 is completed         *************** 
2024-03-29 21:58:43,133 INFO  [Log] ****************           -S-T-A-R-T-Contacts TC28       **************** 
2024-03-29 21:58:47,796 INFO  [Log] Successfully entered home page 
2024-03-29 21:58:54,895 INFO  [Log] ***************             -E---N---D-MyContactView_TC28 is completed         *************** 
2024-03-29 21:59:12,834 INFO  [Log] ****************           -S-T-A-R-T-Contacts TC29       **************** 
2024-03-29 21:59:21,885 INFO  [Log] Successfully entered home page 
2024-03-29 21:59:26,920 INFO  [Log] ***************             -E---N---D-ViewacontactinthecontactPage_TC29 is completed         *************** 
2024-03-30 06:19:35,835 INFO  [Log] ****************           -S-T-A-R-T-Contacts TC30       **************** 
2024-03-30 06:19:46,301 INFO  [Log] Successfully entered home page 
2024-03-30 06:19:59,093 INFO  [Log] ***************             -E---N---D-ErrorMessageNewviewinContacts_TC30 is completed         *************** 
2024-03-30 06:28:45,798 INFO  [Log] ****************           -S-T-A-R-T-Contacts TC31       **************** 
2024-03-30 06:28:57,733 INFO  [Log] Successfully entered home page 
2024-03-30 06:29:07,850 INFO  [Log] ***************             -E---N---D-CancelButoonInCreateNewView_TC31 is completed         *************** 
2024-03-30 06:46:03,230 INFO  [Log] ****************           -S-T-A-R-T-Contacts TC32       **************** 
2024-03-30 06:46:07,163 INFO  [Log] Successfully entered home page 
2024-03-30 06:46:17,620 INFO  [Log] ***************             -E---N---D-NewAndSaveButtonInNewContactPage_TC32 is completed         *************** 
2024-03-30 06:54:01,428 INFO  [Log] ****************           -S-T-A-R-T-HomeTab TC33       **************** 
2024-03-30 06:54:05,949 INFO  [Log] Successfully entered home page 
2024-03-30 06:54:14,619 INFO  [Log] ***************             -E---N---D-VerifyFirstnamaAndLastname_TC33 is completed         *************** 
2024-03-30 06:57:24,667 INFO  [Log] ****************           -S-T-A-R-T-HomeTab TC33       **************** 
2024-03-30 06:57:28,919 INFO  [Log] Successfully entered home page 
2024-03-30 06:57:40,592 INFO  [Log] ***************             -E---N---D-VerifyFirstnamaAndLastname_TC33 is completed         *************** 
2024-03-30 07:01:17,179 INFO  [Log] ****************           -S-T-A-R-T-HomeTab TC34       **************** 
2024-03-30 07:01:21,031 INFO  [Log] Successfully entered home page 
2024-03-30 07:01:33,910 INFO  [Log] Successfully entered into lastname of abouttab 
2024-03-30 07:01:35,245 INFO  [Log] ***************             -E---N---D-VerifyEditedLastname_TC34 is completed         *************** 
2024-03-30 07:06:25,741 INFO  [Log] ****************           -S-T-A-R-T-HomeTab TC34       **************** 
2024-03-30 07:06:34,083 INFO  [Log] Successfully entered home page 
2024-03-30 07:06:44,094 INFO  [Log] Successfully entered into lastname of abouttab 
2024-03-30 07:23:33,198 INFO  [Log] ****************           -S-T-A-R-T-HomeTab TC35       **************** 
2024-03-30 07:23:39,878 INFO  [Log] Successfully entered home page 
2024-03-30 07:32:43,190 INFO  [Log] ****************           -S-T-A-R-T-HomeTab TC35       **************** 
2024-03-30 07:32:47,233 INFO  [Log] Successfully entered home page 
2024-03-30 07:36:57,703 INFO  [Log] ****************           -S-T-A-R-T-HomeTab TC35       **************** 
2024-03-30 07:37:03,911 INFO  [Log] Successfully entered home page 
2024-03-30 07:37:14,679 INFO  [Log] ***************             -E---N---D-VerifyTabCustomization_TC35 is completed         *************** 
2024-03-30 10:23:23,121 INFO  [Log] ****************           -S-T-A-R-T-HomeTab TC36       **************** 
2024-03-30 10:23:29,266 INFO  [Log] Successfully entered home page 
2024-03-30 10:26:59,623 INFO  [Log] ****************           -S-T-A-R-T-HomeTab TC36       **************** 
2024-03-30 10:27:06,609 INFO  [Log] Successfully entered home page 
2024-03-30 10:28:16,343 INFO  [Log] ****************           -S-T-A-R-T-HomeTab TC36       **************** 
2024-03-30 10:28:22,271 INFO  [Log] Successfully entered home page 
2024-03-30 10:33:17,629 INFO  [Log] ****************           -S-T-A-R-T-HomeTab TC36       **************** 
2024-03-30 10:33:24,318 INFO  [Log] Successfully entered home page 
2024-03-30 10:34:37,360 INFO  [Log] ****************           -S-T-A-R-T-HomeTab TC36       **************** 
2024-03-30 10:34:40,902 INFO  [Log] Successfully entered home page 
2024-03-30 10:35:07,723 INFO  [Log] ****************           -S-T-A-R-T-HomeTab TC36       **************** 
2024-03-30 10:35:11,028 INFO  [Log] Successfully entered home page 
2024-03-30 10:35:59,373 INFO  [Log] ****************           -S-T-A-R-T-HomeTab TC36       **************** 
2024-03-30 10:36:05,561 INFO  [Log] Successfully entered home page 
2024-03-30 10:36:54,930 INFO  [Log] ****************           -S-T-A-R-T-HomeTab TC36       **************** 
2024-03-30 10:37:01,210 INFO  [Log] Successfully entered home page 
2024-03-30 12:40:05,657 INFO  [Log] ****************           -S-T-A-R-T-HomeTab TC36       **************** 
2024-03-30 12:40:17,478 INFO  [Log] Successfully entered home page 
2024-03-30 12:41:51,593 INFO  [Log] ****************           -S-T-A-R-T-HomeTab TC36       **************** 
2024-03-30 12:41:59,282 INFO  [Log] Successfully entered home page 
2024-03-30 21:51:22,687 INFO  [Log] ****************           -S-T-A-R-T-HomeTab TC36       **************** 
2024-03-30 21:51:30,495 INFO  [Log] Successfully entered home page 
2024-03-30 21:52:14,943 INFO  [Log] ****************           -S-T-A-R-T-HomeTab TC36       **************** 
2024-03-30 21:52:18,914 INFO  [Log] Successfully entered home page 
2024-03-30 21:53:12,581 INFO  [Log] ****************           -S-T-A-R-T-HomeTab TC36       **************** 
2024-03-30 21:53:19,627 INFO  [Log] Successfully entered home page 
2024-03-30 21:54:07,899 INFO  [Log] ****************           -S-T-A-R-T-HomeTab TC36       **************** 
2024-03-30 21:54:11,982 INFO  [Log] Successfully entered home page 
2024-04-01 08:23:23,100 INFO  [Log] ****************           -S-T-A-R-T-HomeTab TC36       **************** 
2024-04-01 08:23:30,315 INFO  [Log] Successfully entered home page 
2024-04-01 08:25:27,176 INFO  [Log] ****************           -S-T-A-R-T-HomeTab TC36       **************** 
2024-04-01 08:25:34,338 INFO  [Log] Successfully entered home page 
2024-04-01 08:26:11,274 INFO  [Log] ****************           -S-T-A-R-T-HomeTab TC36       **************** 
2024-04-01 08:26:19,659 INFO  [Log] Successfully entered home page 
2024-04-01 08:35:29,951 INFO  [Log] ****************           -S-T-A-R-T-HomeTab TC36       **************** 
2024-04-01 08:35:33,642 INFO  [Log] Successfully entered home page 
2024-04-01 08:43:14,214 INFO  [Log] ****************           -S-T-A-R-T-HomeTab TC36       **************** 
2024-04-01 08:43:23,293 INFO  [Log] Successfully entered home page 
2024-04-01 08:44:08,801 INFO  [Log] ****************           -S-T-A-R-T-HomeTab TC36       **************** 
2024-04-01 08:44:17,038 INFO  [Log] Successfully entered home page 
2024-04-01 08:51:26,087 INFO  [Log] ****************           -S-T-A-R-T-HomeTab TC36       **************** 
2024-04-01 08:51:36,321 INFO  [Log] Successfully entered home page 
2024-04-01 08:53:43,959 INFO  [Log] ****************           -S-T-A-R-T-HomeTab TC36       **************** 
2024-04-01 08:53:53,138 INFO  [Log] Successfully entered home page 
2024-04-01 08:54:08,794 INFO  [Log] ***************             -E---N---D-BlockingEventinCalender_TC36 is completed         *************** 
2024-04-01 13:45:38,692 INFO  [Log] ****************           -S-T-A-R-T-HomeTab TC37       **************** 
2024-04-01 13:45:45,269 INFO  [Log] Successfully entered home page 
2024-04-01 13:45:59,368 INFO  [Log] ***************             -E---N---D-Blockinganeventinthecalenderwithweeklyrecurrance_TC37 is completed         *************** 
2024-04-01 13:47:03,639 INFO  [Log] ****************           -S-T-A-R-T-UsermenuDropdown TC6       **************** 
2024-04-01 13:47:07,552 INFO  [Log] Successfully entered home page 
2024-04-01 13:47:19,375 INFO  [Log] ***************             -E---N---D-SelectMyProfileoptionfromusermenuAndPostlink_TC6 is completed         *************** 
2024-04-01 13:47:54,315 INFO  [Log] ****************           -S-T-A-R-T-UsermenuDropdown TC6       **************** 
2024-04-01 13:47:58,101 INFO  [Log] Successfully entered home page 
2024-04-01 13:50:02,148 INFO  [Log] ****************           -S-T-A-R-T-UsermenuDropdown TC6       **************** 
2024-04-01 13:50:05,733 INFO  [Log] Successfully entered home page 
2024-04-03 21:23:03,627 INFO  [Log] ****************           -S-T-A-R-T-HomeTab TC36       **************** 
2024-04-03 21:23:10,644 INFO  [Log] Successfully entered home page 
2024-04-03 21:23:20,690 INFO  [Log] ***************             -E---N---D-BlockingEventinCalender_TC36 is completed         *************** 
2024-04-04 05:40:00,179 INFO  [Log] ****************           -S-T-A-R-T-HomeTab TC36       **************** 
2024-04-04 05:40:04,448 INFO  [Log] Successfully entered home page 
2024-04-04 05:40:27,115 INFO  [Log] ***************             -E---N---D-BlockingEventinCalender_TC36 is completed         *************** 
2024-04-04 08:14:12,109 INFO  [Log] ****************           -S-T-A-R-T-AccountsTab TC14       **************** 
2024-04-04 08:14:25,272 INFO  [Log] Successfully entered home page 
2024-04-04 08:14:37,757 INFO  [Log] ***************             -E---N---D-CreateAccountReport_TC14 is completed         *************** 
2024-04-04 08:45:08,933 INFO  [Log] ****************           -S-T-A-R-T-HomeTab TC37       **************** 
2024-04-04 08:45:16,438 INFO  [Log] Successfully entered home page 
2024-04-04 08:45:26,803 INFO  [Log] ***************             -E---N---D-Blockinganeventinthecalenderwithweeklyrecurrance_TC37 is completed         *************** 
2024-04-05 09:14:41,106 INFO  [Log] ****************           -S-T-A-R-T-HomeTab TC37       **************** 
2024-04-05 09:14:46,769 INFO  [Log] Successfully entered home page 
2024-04-05 09:14:59,477 INFO  [Log] ***************             -E---N---D-Blockinganeventinthecalenderwithweeklyrecurrance_TC37 is completed         *************** 
